<?xml version="1.0" encoding="UTF-8"?>
<!-- Generated by org.testng.reporters.JUnitReportReporter -->
<testsuite hostname="ELW4007" failures="0" tests="3" name="Day42.FirstTestCase" time="0.017" errors="0" timestamp="2024-08-16T17:38:08 IST" skipped="0">
  <testcase classname="Day42.FirstTestCase" name="openapp" time="0.006"/>
  <testcase classname="Day42.FirstTestCase" name="login" time="0.005"/>
  <testcase classname="Day42.FirstTestCase" name="logout" time="0.006"/>
</testsuite> <!-- Day42.FirstTestCase -->
