<?xml version="1.0" encoding="UTF-8"?>
<!-- Generated by org.testng.reporters.JUnitReportReporter -->
<testsuite hostname="ELW4007" failures="0" tests="6" name="Day45.Parlleltesting" time="0.260" errors="0" timestamp="2024-08-20T04:50:13 IST" skipped="0">
  <testcase classname="Day45.Parlleltesting" name="testlogo" time="0.101"/>
  <testcase classname="Day45.Parlleltesting" name="testlogo" time="0.077"/>
  <testcase classname="Day45.Parlleltesting" name="testtitle" time="0.022"/>
  <testcase classname="Day45.Parlleltesting" name="testtitle" time="0.023"/>
  <testcase classname="Day45.Parlleltesting" name="testurl" time="0.017"/>
  <testcase classname="Day45.Parlleltesting" name="testurl" time="0.020"/>
</testsuite> <!-- Day45.Parlleltesting -->
