<?xml version="1.0" encoding="UTF-8"?>
<!-- Generated by org.testng.reporters.JUnitReportReporter -->
<testsuite hostname="ELW4007" failures="0" tests="3" name="Day44.login" time="0.031" errors="0" timestamp="2024-08-16T17:42:22 IST" skipped="0">
  <testcase classname="Day44.login" name="loginByemail" time="0.025"/>
  <testcase classname="Day44.login" name="loginbyfacebook" time="0.002"/>
  <testcase classname="Day44.login" name="loginbyyahoo" time="0.004"/>
</testsuite> <!-- Day44.login -->
