<?xml version="1.0" encoding="UTF-8"?>
<!-- Generated by org.testng.reporters.JUnitReportReporter -->
<testsuite hostname="ELW4007" failures="0" tests="2" name="Day43.pack.testc2" time="0.007" errors="0" timestamp="2024-08-16T17:41:31 IST" skipped="0">
  <testcase classname="Day43.pack.testc2" name="abc" time="0.003"/>
  <testcase classname="Day43.pack.testc2" name="abc" time="0.004"/>
</testsuite> <!-- Day43.pack.testc2 -->
