<?xml version="1.0" encoding="UTF-8"?>
<!-- Generated by org.testng.reporters.JUnitReportReporter -->
<testsuite hostname="ELW4007" failures="0" tests="2" name="Day43.Allannotaions" time="0.024" errors="0" timestamp="2024-08-16T17:41:04 IST" skipped="0">
  <testcase classname="Day43.Allannotaions" name="xyz" time="0.005"/>
  <testcase classname="Day43.Allannotaions" name="abc" time="0.019"/>
</testsuite> <!-- Day43.Allannotaions -->
