<?xml version="1.0" encoding="UTF-8"?>
<!-- Generated by org.testng.reporters.JUnitReportReporter -->
<testsuite hostname="ELW4007" failures="0" tests="2" name="Day43.ClassAnnotaions" time="0.021" errors="0" timestamp="2024-08-16T17:40:48 IST" skipped="0">
  <testcase classname="Day43.ClassAnnotaions" name="search" time="0.018"/>
  <testcase classname="Day43.ClassAnnotaions" name="advsearch" time="0.003"/>
</testsuite> <!-- Day43.ClassAnnotaions -->
