<?xml version="1.0" encoding="UTF-8"?>
<!-- Generated by org.testng.reporters.JUnitReportReporter -->
<testsuite hostname="ELW4007" failures="0" tests="1" name="Day47.Logintest" time="3.722" errors="0" timestamp="2024-08-20T05:06:29 IST" skipped="0">
  <testcase classname="Day47.Logintest" name="testLogin" time="3.722"/>
</testsuite> <!-- Day47.Logintest -->
