<?xml version="1.0" encoding="UTF-8"?>
<!-- Generated by org.testng.reporters.JUnitReportReporter -->
<testsuite hostname="ELW4007" failures="0" tests="2" name="Day43.Annotationsdemo1" time="0.040" errors="0" timestamp="2024-08-16T17:40:35 IST" skipped="0">
  <testcase classname="Day43.Annotationsdemo1" name="search" time="0.033"/>
  <testcase classname="Day43.Annotationsdemo1" name="advsearch" time="0.007"/>
</testsuite> <!-- Day43.Annotationsdemo1 -->
