<?xml version="1.0" encoding="UTF-8"?>
<!-- Generated by org.testng.reporters.JUnitReportReporter -->
<testsuite hostname="ELW4007" failures="0" tests="2" name="Day44.payment" time="0.030" errors="0" timestamp="2024-08-16T17:42:47 IST" skipped="0">
  <testcase classname="Day44.payment" name="paymentinruppes" time="0.026"/>
  <testcase classname="Day44.payment" name="paymentindollars" time="0.004"/>
</testsuite> <!-- Day44.payment -->
