<?xml version="1.0" encoding="UTF-8"?>
<!-- Generated by org.testng.reporters.JUnitReportReporter -->
<testsuite hostname="ELW4007" failures="0" tests="4" name="Day42.OrangeHRM" time="28.453" errors="0" timestamp="2024-08-20T04:47:51 IST" skipped="0">
  <testcase classname="Day42.OrangeHRM" name="openapp" time="18.021"/>
  <testcase classname="Day42.OrangeHRM" name="testlogo" time="5.086"/>
  <testcase classname="Day42.OrangeHRM" name="login" time="4.817"/>
  <testcase classname="Day42.OrangeHRM" name="closeapp" time="0.529"/>
</testsuite> <!-- Day42.OrangeHRM -->
